<?xml version="1.0" encoding="UTF-8"?>
<coverage generated="1576922710915" clover="3.2.0">
  <project timestamp="1576922710915" name="All files">
    <metrics statements="10" coveredstatements="10" conditionals="6" coveredconditionals="6" methods="7" coveredmethods="7" elements="23" coveredelements="23" complexity="0" loc="10" ncloc="10" packages="1" files="7" classes="7"/>
    <file name="bowman.js" path="J:\CODE\GitHub\ajs-7_classes\src\bowman.js">
      <metrics statements="1" coveredstatements="1" conditionals="0" coveredconditionals="0" methods="1" coveredmethods="1"/>
      <line num="5" count="1" type="stmt"/>
    </file>
    <file name="character.js" path="J:\CODE\GitHub\ajs-7_classes\src\character.js">
      <metrics statements="4" coveredstatements="4" conditionals="6" coveredconditionals="6" methods="1" coveredmethods="1"/>
      <line num="3" count="7" type="stmt"/>
      <line num="4" count="7" type="cond" truecount="2" falsecount="0"/>
      <line num="5" count="7" type="cond" truecount="2" falsecount="0"/>
      <line num="6" count="7" type="cond" truecount="2" falsecount="0"/>
    </file>
    <file name="daemon.js" path="J:\CODE\GitHub\ajs-7_classes\src\daemon.js">
      <metrics statements="1" coveredstatements="1" conditionals="0" coveredconditionals="0" methods="1" coveredmethods="1"/>
      <line num="5" count="1" type="stmt"/>
    </file>
    <file name="magician.js" path="J:\CODE\GitHub\ajs-7_classes\src\magician.js">
      <metrics statements="1" coveredstatements="1" conditionals="0" coveredconditionals="0" methods="1" coveredmethods="1"/>
      <line num="5" count="1" type="stmt"/>
    </file>
    <file name="swordsman.js" path="J:\CODE\GitHub\ajs-7_classes\src\swordsman.js">
      <metrics statements="1" coveredstatements="1" conditionals="0" coveredconditionals="0" methods="1" coveredmethods="1"/>
      <line num="5" count="1" type="stmt"/>
    </file>
    <file name="undead.js" path="J:\CODE\GitHub\ajs-7_classes\src\undead.js">
      <metrics statements="1" coveredstatements="1" conditionals="0" coveredconditionals="0" methods="1" coveredmethods="1"/>
      <line num="5" count="1" type="stmt"/>
    </file>
    <file name="zombie.js" path="J:\CODE\GitHub\ajs-7_classes\src\zombie.js">
      <metrics statements="1" coveredstatements="1" conditionals="0" coveredconditionals="0" methods="1" coveredmethods="1"/>
      <line num="5" count="1" type="stmt"/>
    </file>
  </project>
</coverage>
