{"J:\\CODE\\GitHub\\ajs-7_classes\\src\\bowman.js": {"path":"J:\\CODE\\GitHub\\ajs-7_classes\\src\\bowman.js","statementMap":{"0":{"start":{"line":5,"column":4},"end":{"line":5,"column":34}}},"fnMap":{"0":{"name":"(anonymous_0)","decl":{"start":{"line":4,"column":2},"end":{"line":4,"column":3}},"loc":{"start":{"line":4,"column":20},"end":{"line":6,"column":3}},"line":4}},"branchMap":{},"s":{"0":1},"f":{"0":1},"b":{},"_coverageSchema":"43e27e138ebf9cfc5966b082cf9a028302ed4184","hash":"beba0de8d83fe14c08b19f1a29900366ad32e797"}
,"J:\\CODE\\GitHub\\ajs-7_classes\\src\\character.js": {"path":"J:\\CODE\\GitHub\\ajs-7_classes\\src\\character.js","statementMap":{"0":{"start":{"line":3,"column":4},"end":{"line":3,"column":21}},"1":{"start":{"line":4,"column":4},"end":{"line":4,"column":27}},"2":{"start":{"line":5,"column":4},"end":{"line":5,"column":30}},"3":{"start":{"line":6,"column":4},"end":{"line":6,"column":32}}},"fnMap":{"0":{"name":"(anonymous_0)","decl":{"start":{"line":2,"column":2},"end":{"line":2,"column":3}},"loc":{"start":{"line":2,"column":43},"end":{"line":7,"column":3}},"line":2}},"branchMap":{"0":{"loc":{"start":{"line":4,"column":16},"end":{"line":4,"column":26}},"type":"binary-expr","locations":[{"start":{"line":4,"column":16},"end":{"line":4,"column":20}},{"start":{"line":4,"column":24},"end":{"line":4,"column":26}}],"line":4},"1":{"loc":{"start":{"line":5,"column":18},"end":{"line":5,"column":29}},"type":"binary-expr","locations":[{"start":{"line":5,"column":18},"end":{"line":5,"column":24}},{"start":{"line":5,"column":28},"end":{"line":5,"column":29}}],"line":5},"2":{"loc":{"start":{"line":6,"column":19},"end":{"line":6,"column":31}},"type":"binary-expr","locations":[{"start":{"line":6,"column":19},"end":{"line":6,"column":26}},{"start":{"line":6,"column":30},"end":{"line":6,"column":31}}],"line":6}},"s":{"0":7,"1":7,"2":7,"3":7},"f":{"0":7},"b":{"0":[7,1],"1":[7,1],"2":[7,1]},"_coverageSchema":"43e27e138ebf9cfc5966b082cf9a028302ed4184","hash":"75eab2bfd6946aeced901120adc535262eba73ef"}
,"J:\\CODE\\GitHub\\ajs-7_classes\\src\\daemon.js": {"path":"J:\\CODE\\GitHub\\ajs-7_classes\\src\\daemon.js","statementMap":{"0":{"start":{"line":5,"column":4},"end":{"line":5,"column":34}}},"fnMap":{"0":{"name":"(anonymous_0)","decl":{"start":{"line":4,"column":2},"end":{"line":4,"column":3}},"loc":{"start":{"line":4,"column":20},"end":{"line":6,"column":3}},"line":4}},"branchMap":{},"s":{"0":1},"f":{"0":1},"b":{},"_coverageSchema":"43e27e138ebf9cfc5966b082cf9a028302ed4184","hash":"828dbe3858e132b2973fc5fa4be1ed58a3ed99bd"}
,"J:\\CODE\\GitHub\\ajs-7_classes\\src\\magician.js": {"path":"J:\\CODE\\GitHub\\ajs-7_classes\\src\\magician.js","statementMap":{"0":{"start":{"line":5,"column":4},"end":{"line":5,"column":36}}},"fnMap":{"0":{"name":"(anonymous_0)","decl":{"start":{"line":4,"column":2},"end":{"line":4,"column":3}},"loc":{"start":{"line":4,"column":20},"end":{"line":6,"column":3}},"line":4}},"branchMap":{},"s":{"0":1},"f":{"0":1},"b":{},"_coverageSchema":"43e27e138ebf9cfc5966b082cf9a028302ed4184","hash":"5e0515304b802bca1daae310ee53b7081ac43d71"}
,"J:\\CODE\\GitHub\\ajs-7_classes\\src\\swordsman.js": {"path":"J:\\CODE\\GitHub\\ajs-7_classes\\src\\swordsman.js","statementMap":{"0":{"start":{"line":5,"column":4},"end":{"line":5,"column":37}}},"fnMap":{"0":{"name":"(anonymous_0)","decl":{"start":{"line":4,"column":2},"end":{"line":4,"column":3}},"loc":{"start":{"line":4,"column":20},"end":{"line":6,"column":3}},"line":4}},"branchMap":{},"s":{"0":1},"f":{"0":1},"b":{},"_coverageSchema":"43e27e138ebf9cfc5966b082cf9a028302ed4184","hash":"fe62d7e2c8ae6861bd1b574d2890fa64787e9563"}
,"J:\\CODE\\GitHub\\ajs-7_classes\\src\\undead.js": {"path":"J:\\CODE\\GitHub\\ajs-7_classes\\src\\undead.js","statementMap":{"0":{"start":{"line":5,"column":4},"end":{"line":5,"column":34}}},"fnMap":{"0":{"name":"(anonymous_0)","decl":{"start":{"line":4,"column":2},"end":{"line":4,"column":3}},"loc":{"start":{"line":4,"column":20},"end":{"line":6,"column":3}},"line":4}},"branchMap":{},"s":{"0":1},"f":{"0":1},"b":{},"_coverageSchema":"43e27e138ebf9cfc5966b082cf9a028302ed4184","hash":"524173d5d6a55b766d49708d942568d147455569"}
,"J:\\CODE\\GitHub\\ajs-7_classes\\src\\zombie.js": {"path":"J:\\CODE\\GitHub\\ajs-7_classes\\src\\zombie.js","statementMap":{"0":{"start":{"line":5,"column":4},"end":{"line":5,"column":34}}},"fnMap":{"0":{"name":"(anonymous_0)","decl":{"start":{"line":4,"column":2},"end":{"line":4,"column":3}},"loc":{"start":{"line":4,"column":20},"end":{"line":6,"column":3}},"line":4}},"branchMap":{},"s":{"0":1},"f":{"0":1},"b":{},"_coverageSchema":"43e27e138ebf9cfc5966b082cf9a028302ed4184","hash":"533ea6cffe242b4705934eeba2db9b14462715bf"}
}
