TN:
SF:J:\CODE\GitHub\ajs-7_classes\src\bowman.js
FN:4,(anonymous_0)
FNF:1
FNH:1
FNDA:1,(anonymous_0)
DA:5,1
LF:1
LH:1
BRF:0
BRH:0
end_of_record
TN:
SF:J:\CODE\GitHub\ajs-7_classes\src\character.js
FN:2,(anonymous_0)
FNF:1
FNH:1
FNDA:7,(anonymous_0)
DA:3,7
DA:4,7
DA:5,7
DA:6,7
LF:4
LH:4
BRDA:4,0,0,7
BRDA:4,0,1,1
BRDA:5,1,0,7
BRDA:5,1,1,1
BRDA:6,2,0,7
BRDA:6,2,1,1
BRF:6
BRH:6
end_of_record
TN:
SF:J:\CODE\GitHub\ajs-7_classes\src\daemon.js
FN:4,(anonymous_0)
FNF:1
FNH:1
FNDA:1,(anonymous_0)
DA:5,1
LF:1
LH:1
BRF:0
BRH:0
end_of_record
TN:
SF:J:\CODE\GitHub\ajs-7_classes\src\magician.js
FN:4,(anonymous_0)
FNF:1
FNH:1
FNDA:1,(anonymous_0)
DA:5,1
LF:1
LH:1
BRF:0
BRH:0
end_of_record
TN:
SF:J:\CODE\GitHub\ajs-7_classes\src\swordsman.js
FN:4,(anonymous_0)
FNF:1
FNH:1
FNDA:1,(anonymous_0)
DA:5,1
LF:1
LH:1
BRF:0
BRH:0
end_of_record
TN:
SF:J:\CODE\GitHub\ajs-7_classes\src\undead.js
FN:4,(anonymous_0)
FNF:1
FNH:1
FNDA:1,(anonymous_0)
DA:5,1
LF:1
LH:1
BRF:0
BRH:0
end_of_record
TN:
SF:J:\CODE\GitHub\ajs-7_classes\src\zombie.js
FN:4,(anonymous_0)
FNF:1
FNH:1
FNDA:1,(anonymous_0)
DA:5,1
LF:1
LH:1
BRF:0
BRH:0
end_of_record
